<?xml version="1.0" encoding="UTF-8"?>
<!-- Generated by org.testng.reporters.JUnitReportReporter -->
<testsuite hostname="Vj-PC" failures="0" tests="6" name="com.planit.qa.testcases.FacebookAccountSignUpTest" time="19.752" errors="0" timestamp="11 Apr. 2019 08:48:49 GMT" skipped="0">
  <testcase classname="com.planit.qa.testcases.FacebookAccountSignUpTest" name="validatePageAfterLaunchingURL" time="0.349"/>
  <testcase classname="com.planit.qa.testcases.FacebookAccountSignUpTest" name="validateCreateAccountHeading" time="0.066"/>
  <testcase classname="com.planit.qa.testcases.FacebookAccountSignUpTest" name="validateSuccessfulFormEntry" time="14.441"/>
  <testcase classname="com.planit.qa.testcases.FacebookAccountSignUpTest" name="validateUserAccountCreated" time="0.047"/>
  <testcase classname="com.planit.qa.testcases.FacebookAccountSignUpTest" name="validateAfterProfileIconClick" time="4.821"/>
  <testcase classname="com.planit.qa.testcases.FacebookAccountSignUpTest" name="validateLogOut" time="0.028"/>
</testsuite> <!-- com.planit.qa.testcases.FacebookAccountSignUpTest -->
