<?xml version="1.0" encoding="UTF-8"?>
<!-- Generated by org.testng.reporters.JUnitReportReporter -->
<testsuite skipped="0" hostname="192-168-1-6.tpgi.com.au" name="com.planit.qa.testcases.Check" tests="1" failures="0" timestamp="08 Apr 2019 06:25:12 GMT" time="7.181" errors="0">
  <testcase name="setUp" time="7.181" classname="com.planit.qa.testcases.Check"/>
</testsuite> <!-- com.planit.qa.testcases.Check -->
