<?xml version="1.0" encoding="UTF-8"?>
<!-- Generated by org.testng.reporters.JUnitReportReporter -->
<testsuite skipped="0" hostname="192-168-1-6.tpgi.com.au" name="com.planit.qa.testcases.CreateAccountPageTest" tests="1" failures="0" timestamp="09 Apr 2019 08:34:09 GMT" time="80.953" errors="0">
  <testcase name="validateAccountCreation" time="80.953" classname="com.planit.qa.testcases.CreateAccountPageTest"/>
</testsuite> <!-- com.planit.qa.testcases.CreateAccountPageTest -->
